<?xml version='1.0' encoding='UTF-8'?>
<testsuite hostname="s-128-97-87-224.resnet.ucla.edu" name="org.apache.spark.sql.execution.CS143UtilsSuite" tests="2" errors="0" failures="1" time="0.043">
                     <properties>
[...]
</properties>
                     <testcase classname="org.apache.spark.sql.execution.CS143UtilsSuite" name="caching iterator" time="0.04">
                                                 <failure message="java.lang.Integer cannot be cast to org.apache.spark.sql.catalyst.expressions.Expression" type="sbt.ForkMain$ForkError">sbt.ForkMain$ForkError: java.lang.Integer cannot be cast to org.apache.spark.sql.catalyst.expressions.Expression
	at org.apache.spark.sql.execution.CachingIteratorGenerator$$anonfun$apply$1$$anon$1$$anonfun$next$1.apply(CS143Utils.scala:215)
	at org.apache.spark.sql.execution.CachingIteratorGenerator$$anonfun$apply$1$$anon$1$$anonfun$next$1.apply(CS143Utils.scala:215)
	at scala.collection.TraversableLike$$anonfun$map$1.apply(TraversableLike.scala:244)
	at scala.collection.TraversableLike$$anonfun$map$1.apply(TraversableLike.scala:244)
	at scala.collection.Iterator$class.foreach(Iterator.scala:727)
	at scala.collection.AbstractIterator.foreach(Iterator.scala:1157)
	at scala.collection.IterableLike$class.foreach(IterableLike.scala:72)
	at org.apache.spark.sql.catalyst.expressions.GenericRow.foreach(Row.scala:132)
	at scala.collection.TraversableLike$class.map(TraversableLike.scala:244)
	at org.apache.spark.sql.catalyst.expressions.GenericRow.map(Row.scala:132)
	at org.apache.spark.sql.execution.CachingIteratorGenerator$$anonfun$apply$1$$anon$1.next(CS143Utils.scala:215)
	at org.apache.spark.sql.execution.CachingIteratorGenerator$$anonfun$apply$1$$anon$1.next(CS143Utils.scala:189)
	at scala.collection.Iterator$class.foreach(Iterator.scala:727)
	at org.apache.spark.sql.execution.CachingIteratorGenerator$$anonfun$apply$1$$anon$1.foreach(CS143Utils.scala:189)
	at org.apache.spark.sql.execution.CS143UtilsSuite$$anonfun$1.apply$mcV$sp(CS143UtilsSuite.scala:35)
	at org.apache.spark.sql.execution.CS143UtilsSuite$$anonfun$1.apply(CS143UtilsSuite.scala:21)
	at org.apache.spark.sql.execution.CS143UtilsSuite$$anonfun$1.apply(CS143UtilsSuite.scala:21)
	at org.scalatest.Transformer$$anonfun$apply$1.apply$mcV$sp(Transformer.scala:22)
	at org.scalatest.OutcomeOf$class.outcomeOf(OutcomeOf.scala:85)
	at org.scalatest.OutcomeOf$.outcomeOf(OutcomeOf.scala:104)
	at org.scalatest.Transformer.apply(Transformer.scala:22)
	at org.scalatest.Transformer.apply(Transformer.scala:20)
	at org.scalatest.FunSuiteLike$$anon$1.apply(FunSuiteLike.scala:166)
	at org.scalatest.Suite$class.withFixture(Suite.scala:1122)
	at org.scalatest.FunSuite.withFixture(FunSuite.scala:1555)
	at org.scalatest.FunSuiteLike$class.invokeWithFixture$1(FunSuiteLike.scala:163)
	at org.scalatest.FunSuiteLike$$anonfun$runTest$1.apply(FunSuiteLike.scala:175)
	at org.scalatest.FunSuiteLike$$anonfun$runTest$1.apply(FunSuiteLike.scala:175)
	at org.scalatest.SuperEngine.runTestImpl(Engine.scala:306)
	at org.scalatest.FunSuiteLike$class.runTest(FunSuiteLike.scala:175)
	at org.scalatest.FunSuite.runTest(FunSuite.scala:1555)
	at org.scalatest.FunSuiteLike$$anonfun$runTests$1.apply(FunSuiteLike.scala:208)
	at org.scalatest.FunSuiteLike$$anonfun$runTests$1.apply(FunSuiteLike.scala:208)
	at org.scalatest.SuperEngine$$anonfun$traverseSubNodes$1$1.apply(Engine.scala:413)
	at org.scalatest.SuperEngine$$anonfun$traverseSubNodes$1$1.apply(Engine.scala:401)
	at scala.collection.immutable.List.foreach(List.scala:318)
	at org.scalatest.SuperEngine.traverseSubNodes$1(Engine.scala:401)
	at org.scalatest.SuperEngine.org$scalatest$SuperEngine$$runTestsInBranch(Engine.scala:396)
	at org.scalatest.SuperEngine.runTestsImpl(Engine.scala:483)
	at org.scalatest.FunSuiteLike$class.runTests(FunSuiteLike.scala:208)
	at org.scalatest.FunSuite.runTests(FunSuite.scala:1555)
	at org.scalatest.Suite$class.run(Suite.scala:1424)
	at org.scalatest.FunSuite.org$scalatest$FunSuiteLike$$super$run(FunSuite.scala:1555)
	at org.scalatest.FunSuiteLike$$anonfun$run$1.apply(FunSuiteLike.scala:212)
	at org.scalatest.FunSuiteLike$$anonfun$run$1.apply(FunSuiteLike.scala:212)
	at org.scalatest.SuperEngine.runImpl(Engine.scala:545)
	at org.scalatest.FunSuiteLike$class.run(FunSuiteLike.scala:212)
	at org.scalatest.FunSuite.run(FunSuite.scala:1555)
	at org.scalatest.tools.Framework.org$scalatest$tools$Framework$$runSuite(Framework.scala:462)
	at org.scalatest.tools.Framework$ScalaTestTask.execute(Framework.scala:671)
	at sbt.ForkMain$Run$2.call(ForkMain.java:294)
	at sbt.ForkMain$Run$2.call(ForkMain.java:284)
	at java.util.concurrent.FutureTask.run(FutureTask.java:266)
	at java.util.concurrent.ThreadPoolExecutor.runWorker(ThreadPoolExecutor.java:1142)
	at java.util.concurrent.ThreadPoolExecutor$Worker.run(ThreadPoolExecutor.java:617)
	at java.lang.Thread.run(Thread.java:745)
</failure>
                                               </testcase><testcase classname="org.apache.spark.sql.execution.CS143UtilsSuite" name="sequence with 1 UDF" time="0.003">
                                                 
                                               </testcase>
                     <system-out></system-out>
                     <system-err></system-err>
                   </testsuite>